#! /opt/homebrew/Cellar/icarus-verilog/12.0/bin/vvp
:ivl_version "12.0 (stable)";
:ivl_delay_selection "TYPICAL";
:vpi_time_precision - 12;
:vpi_module "/opt/homebrew/Cellar/icarus-verilog/12.0/lib/ivl/system.vpi";
:vpi_module "/opt/homebrew/Cellar/icarus-verilog/12.0/lib/ivl/vhdl_sys.vpi";
:vpi_module "/opt/homebrew/Cellar/icarus-verilog/12.0/lib/ivl/vhdl_textio.vpi";
:vpi_module "/opt/homebrew/Cellar/icarus-verilog/12.0/lib/ivl/v2005_math.vpi";
:vpi_module "/opt/homebrew/Cellar/icarus-verilog/12.0/lib/ivl/va_math.vpi";
S_0x130607160 .scope module, "FPCVT_tb" "FPCVT_tb" 2 4;
 .timescale -9 -12;
v0x130623670_0 .var "D", 11 0;
v0x130623720_0 .net "E", 2 0, v0x130623330_0;  1 drivers
v0x1306237d0_0 .net "F", 3 0, v0x1306233e0_0;  1 drivers
v0x1306238a0_0 .net "S", 0 0, v0x1306234a0_0;  1 drivers
S_0x1306072d0 .scope module, "uut" "FPCVT" 2 11, 3 1 0, S_0x130607160;
 .timescale -9 -12;
    .port_info 0 /INPUT 12 "D";
    .port_info 1 /OUTPUT 1 "S";
    .port_info 2 /OUTPUT 3 "E";
    .port_info 3 /OUTPUT 4 "F";
v0x130623270_0 .net "D", 11 0, v0x130623670_0;  1 drivers
v0x130623330_0 .var "E", 2 0;
v0x1306233e0_0 .var "F", 3 0;
v0x1306234a0_0 .var "S", 0 0;
v0x130623540_0 .var "magnitude", 11 0;
E_0x13060a230 .event anyedge, v0x130623270_0, v0x1306234a0_0, v0x130623540_0;
S_0x1306096b0 .scope autofunction.vec4.s3, "count_leading_zeroes_set_E" "count_leading_zeroes_set_E" 3 41, 3 41 0, S_0x1306072d0;
 .timescale -9 -12;
; Variable count_leading_zeroes_set_E is vec4 return value of scope S_0x1306096b0
v0x1306231c0_0 .var "magnitude", 11 0;
TD_FPCVT_tb.uut.count_leading_zeroes_set_E ;
    %load/vec4 v0x1306231c0_0;
    %parti/s 1, 10, 5;
    %flag_set/vec4 8;
    %jmp/0xz  T_0.0, 8;
    %pushi/vec4 7, 0, 3;
    %ret/vec4 0, 0, 3;  Assign to count_leading_zeroes_set_E (store_vec4_to_lval)
    %jmp T_0.1;
T_0.0 ;
    %load/vec4 v0x1306231c0_0;
    %parti/s 1, 9, 5;
    %flag_set/vec4 8;
    %jmp/0xz  T_0.2, 8;
    %pushi/vec4 6, 0, 3;
    %ret/vec4 0, 0, 3;  Assign to count_leading_zeroes_set_E (store_vec4_to_lval)
    %jmp T_0.3;
T_0.2 ;
    %load/vec4 v0x1306231c0_0;
    %parti/s 1, 8, 5;
    %flag_set/vec4 8;
    %jmp/0xz  T_0.4, 8;
    %pushi/vec4 5, 0, 3;
    %ret/vec4 0, 0, 3;  Assign to count_leading_zeroes_set_E (store_vec4_to_lval)
    %jmp T_0.5;
T_0.4 ;
    %load/vec4 v0x1306231c0_0;
    %parti/s 1, 7, 4;
    %flag_set/vec4 8;
    %jmp/0xz  T_0.6, 8;
    %pushi/vec4 4, 0, 3;
    %ret/vec4 0, 0, 3;  Assign to count_leading_zeroes_set_E (store_vec4_to_lval)
    %jmp T_0.7;
T_0.6 ;
    %load/vec4 v0x1306231c0_0;
    %parti/s 1, 6, 4;
    %flag_set/vec4 8;
    %jmp/0xz  T_0.8, 8;
    %pushi/vec4 3, 0, 3;
    %ret/vec4 0, 0, 3;  Assign to count_leading_zeroes_set_E (store_vec4_to_lval)
    %jmp T_0.9;
T_0.8 ;
    %load/vec4 v0x1306231c0_0;
    %parti/s 1, 5, 4;
    %flag_set/vec4 8;
    %jmp/0xz  T_0.10, 8;
    %pushi/vec4 2, 0, 3;
    %ret/vec4 0, 0, 3;  Assign to count_leading_zeroes_set_E (store_vec4_to_lval)
    %jmp T_0.11;
T_0.10 ;
    %load/vec4 v0x1306231c0_0;
    %parti/s 1, 4, 4;
    %flag_set/vec4 8;
    %jmp/0xz  T_0.12, 8;
    %pushi/vec4 1, 0, 3;
    %ret/vec4 0, 0, 3;  Assign to count_leading_zeroes_set_E (store_vec4_to_lval)
    %jmp T_0.13;
T_0.12 ;
    %pushi/vec4 0, 0, 3;
    %ret/vec4 0, 0, 3;  Assign to count_leading_zeroes_set_E (store_vec4_to_lval)
T_0.13 ;
T_0.11 ;
T_0.9 ;
T_0.7 ;
T_0.5 ;
T_0.3 ;
T_0.1 ;
    %end;
    .scope S_0x1306072d0;
T_1 ;
    %wait E_0x13060a230;
    %load/vec4 v0x130623270_0;
    %parti/s 1, 11, 5;
    %store/vec4 v0x1306234a0_0, 0, 1;
    %load/vec4 v0x130623270_0;
    %cmpi/e 2048, 0, 12;
    %jmp/0xz  T_1.0, 4;
    %pushi/vec4 7, 0, 3;
    %store/vec4 v0x130623330_0, 0, 3;
    %pushi/vec4 15, 0, 4;
    %store/vec4 v0x1306233e0_0, 0, 4;
    %jmp T_1.1;
T_1.0 ;
    %load/vec4 v0x1306234a0_0;
    %cmpi/e 0, 0, 1;
    %jmp/0xz  T_1.2, 4;
    %load/vec4 v0x130623270_0;
    %store/vec4 v0x130623540_0, 0, 12;
    %jmp T_1.3;
T_1.2 ;
    %load/vec4 v0x130623270_0;
    %inv;
    %addi 1, 0, 12;
    %store/vec4 v0x130623540_0, 0, 12;
T_1.3 ;
    %alloc S_0x1306096b0;
    %load/vec4 v0x130623540_0;
    %store/vec4 v0x1306231c0_0, 0, 12;
    %callf/vec4 TD_FPCVT_tb.uut.count_leading_zeroes_set_E, S_0x1306096b0;
    %free S_0x1306096b0;
    %store/vec4 v0x130623330_0, 0, 3;
T_1.1 ;
    %jmp T_1;
    .thread T_1, $push;
    .scope S_0x130607160;
T_2 ;
    %vpi_call 2 19 "$monitor", "Time=%0t | D=%b | S=%b | E=%b | F=%b", $time, v0x130623670_0, v0x1306238a0_0, v0x130623720_0, v0x1306237d0_0 {0 0 0};
    %vpi_call 2 20 "$dumpfile", "wave.vcd" {0 0 0};
    %vpi_call 2 21 "$dumpvars", 32'sb00000000000000000000000000000000, S_0x130607160 {0 0 0};
    %pushi/vec4 0, 0, 12;
    %store/vec4 v0x130623670_0, 0, 12;
    %delay 10000, 0;
    %pushi/vec4 2047, 0, 12;
    %store/vec4 v0x130623670_0, 0, 12;
    %delay 10000, 0;
    %pushi/vec4 2048, 0, 12;
    %store/vec4 v0x130623670_0, 0, 12;
    %delay 10000, 0;
    %pushi/vec4 2049, 0, 12;
    %store/vec4 v0x130623670_0, 0, 12;
    %delay 10000, 0;
    %pushi/vec4 4095, 0, 12;
    %store/vec4 v0x130623670_0, 0, 12;
    %delay 10000, 0;
    %vpi_call 2 43 "$finish" {0 0 0};
    %end;
    .thread T_2;
# The file index is used to find the file name in the following table.
:file_names 4;
    "N/A";
    "<interactive>";
    "FPCVT_tb.v";
    "FPCVT.v";
